<?xml version="1.0" encoding="UTF-8"?>
<testsuite name="br.com.meli.helpdesksimapi.HelpdeskSimApiApplicationTests" tests="1" skipped="0" failures="0" errors="0" timestamp="2025-01-02T17:32:44" hostname="BR000C2L56N41C4" time="0.004">
  <properties/>
  <testcase name="contextLoads()" classname="br.com.meli.helpdesksimapi.HelpdeskSimApiApplicationTests" time="0.004"/>
  <system-out><![CDATA[14:32:42.875 [Test worker] INFO org.springframework.test.context.support.AnnotationConfigContextLoaderUtils -- Could not detect default configuration classes for test class [br.com.meli.helpdesksimapi.HelpdeskSimApiApplicationTests]: HelpdeskSimApiApplicationTests does not declare any static, non-private, non-final, nested classes annotated with @Configuration.
14:32:42.909 [Test worker] INFO org.springframework.boot.test.context.SpringBootTestContextBootstrapper -- Found @SpringBootConfiguration br.com.meli.helpdesksimapi.HelpdeskSimApiApplication for test class br.com.meli.helpdesksimapi.HelpdeskSimApiApplicationTests

  .   ____          _            __ _ _
 /\\ / ___'_ __ _ _(_)_ __  __ _ \ \ \ \
( ( )\___ | '_ | '_| | '_ \/ _` | \ \ \ \
 \\/  ___)| |_)| | | | | || (_| |  ) ) ) )
  '  |____| .__|_| |_|_| |_\__, | / / / /
 =========|_|==============|___/=/_/_/_/

 :: Spring Boot ::                (v3.4.0)

2025-01-02T14:32:43.026-03:00  INFO 14591 --- [helpdesk-simulador-api] [    Test worker] b.c.m.h.HelpdeskSimApiApplicationTests   : Starting HelpdeskSimApiApplicationTests using Java 23.0.1 with PID 14591 (started by glmartins in /Users/glmartins/Documents/dev/dev_meli/helpdesk-sim-api)
2025-01-02T14:32:43.026-03:00  INFO 14591 --- [helpdesk-simulador-api] [    Test worker] b.c.m.h.HelpdeskSimApiApplicationTests   : No active profile set, falling back to 1 default profile: "default"
2025-01-02T14:32:43.224-03:00  INFO 14591 --- [helpdesk-simulador-api] [    Test worker] .s.d.r.c.RepositoryConfigurationDelegate : Bootstrapping Spring Data JPA repositories in DEFAULT mode.
2025-01-02T14:32:43.247-03:00  INFO 14591 --- [helpdesk-simulador-api] [    Test worker] .s.d.r.c.RepositoryConfigurationDelegate : Finished Spring Data repository scanning in 19 ms. Found 5 JPA repository interfaces.
2025-01-02T14:32:43.385-03:00  INFO 14591 --- [helpdesk-simulador-api] [    Test worker] o.hibernate.jpa.internal.util.LogHelper  : HHH000204: Processing PersistenceUnitInfo [name: default]
2025-01-02T14:32:43.401-03:00  INFO 14591 --- [helpdesk-simulador-api] [    Test worker] org.hibernate.Version                    : HHH000412: Hibernate ORM core version 6.6.2.Final
2025-01-02T14:32:43.411-03:00  INFO 14591 --- [helpdesk-simulador-api] [    Test worker] o.h.c.internal.RegionFactoryInitiator    : HHH000026: Second-level cache disabled
2025-01-02T14:32:43.432-03:00 DEBUG 14591 --- [helpdesk-simulador-api] [    Test worker] org.hibernate.type.BasicTypeRegistry     : Adding type registration boolean -> org.hibernate.type.BasicTypeReference@bdda8a7
2025-01-02T14:32:43.432-03:00 DEBUG 14591 --- [helpdesk-simulador-api] [    Test worker] org.hibernate.type.BasicTypeRegistry     : Adding type registration boolean -> org.hibernate.type.BasicTypeReference@bdda8a7
2025-01-02T14:32:43.432-03:00 DEBUG 14591 --- [helpdesk-simulador-api] [    Test worker] org.hibernate.type.BasicTypeRegistry     : Adding type registration java.lang.Boolean -> org.hibernate.type.BasicTypeReference@bdda8a7
2025-01-02T14:32:43.432-03:00 DEBUG 14591 --- [helpdesk-simulador-api] [    Test worker] org.hibernate.type.BasicTypeRegistry     : Adding type registration numeric_boolean -> org.hibernate.type.BasicTypeReference@3149409c
2025-01-02T14:32:43.432-03:00 DEBUG 14591 --- [helpdesk-simulador-api] [    Test worker] org.hibernate.type.BasicTypeRegistry     : Adding type registration org.hibernate.type.NumericBooleanConverter -> org.hibernate.type.BasicTypeReference@3149409c
2025-01-02T14:32:43.432-03:00 DEBUG 14591 --- [helpdesk-simulador-api] [    Test worker] org.hibernate.type.BasicTypeRegistry     : Adding type registration true_false -> org.hibernate.type.BasicTypeReference@1c421b0f
2025-01-02T14:32:43.432-03:00 DEBUG 14591 --- [helpdesk-simulador-api] [    Test worker] org.hibernate.type.BasicTypeRegistry     : Adding type registration org.hibernate.type.TrueFalseConverter -> org.hibernate.type.BasicTypeReference@1c421b0f
2025-01-02T14:32:43.432-03:00 DEBUG 14591 --- [helpdesk-simulador-api] [    Test worker] org.hibernate.type.BasicTypeRegistry     : Adding type registration yes_no -> org.hibernate.type.BasicTypeReference@4ce18cec
2025-01-02T14:32:43.432-03:00 DEBUG 14591 --- [helpdesk-simulador-api] [    Test worker] org.hibernate.type.BasicTypeRegistry     : Adding type registration org.hibernate.type.YesNoConverter -> org.hibernate.type.BasicTypeReference@4ce18cec
2025-01-02T14:32:43.432-03:00 DEBUG 14591 --- [helpdesk-simulador-api] [    Test worker] org.hibernate.type.BasicTypeRegistry     : Adding type registration byte -> org.hibernate.type.BasicTypeReference@2a9f8d47
2025-01-02T14:32:43.432-03:00 DEBUG 14591 --- [helpdesk-simulador-api] [    Test worker] org.hibernate.type.BasicTypeRegistry     : Adding type registration byte -> org.hibernate.type.BasicTypeReference@2a9f8d47
2025-01-02T14:32:43.432-03:00 DEBUG 14591 --- [helpdesk-simulador-api] [    Test worker] org.hibernate.type.BasicTypeRegistry     : Adding type registration java.lang.Byte -> org.hibernate.type.BasicTypeReference@2a9f8d47
2025-01-02T14:32:43.432-03:00 DEBUG 14591 --- [helpdesk-simulador-api] [    Test worker] org.hibernate.type.BasicTypeRegistry     : Adding type registration binary -> org.hibernate.type.BasicTypeReference@51297528
2025-01-02T14:32:43.433-03:00 DEBUG 14591 --- [helpdesk-simulador-api] [    Test worker] org.hibernate.type.BasicTypeRegistry     : Adding type registration byte[] -> org.hibernate.type.BasicTypeReference@51297528
2025-01-02T14:32:43.433-03:00 DEBUG 14591 --- [helpdesk-simulador-api] [    Test worker] org.hibernate.type.BasicTypeRegistry     : Adding type registration [B -> org.hibernate.type.BasicTypeReference@51297528
2025-01-02T14:32:43.433-03:00 DEBUG 14591 --- [helpdesk-simulador-api] [    Test worker] org.hibernate.type.BasicTypeRegistry     : Adding type registration binary_wrapper -> org.hibernate.type.BasicTypeReference@5d3f8661
2025-01-02T14:32:43.433-03:00 DEBUG 14591 --- [helpdesk-simulador-api] [    Test worker] org.hibernate.type.BasicTypeRegistry     : Adding type registration wrapper-binary -> org.hibernate.type.BasicTypeReference@5d3f8661
2025-01-02T14:32:43.433-03:00 DEBUG 14591 --- [helpdesk-simulador-api] [    Test worker] org.hibernate.type.BasicTypeRegistry     : Adding type registration image -> org.hibernate.type.BasicTypeReference@1df9f7c6
2025-01-02T14:32:43.433-03:00 DEBUG 14591 --- [helpdesk-simulador-api] [    Test worker] org.hibernate.type.BasicTypeRegistry     : Adding type registration blob -> org.hibernate.type.BasicTypeReference@4b5aa48b
2025-01-02T14:32:43.433-03:00 DEBUG 14591 --- [helpdesk-simulador-api] [    Test worker] org.hibernate.type.BasicTypeRegistry     : Adding type registration java.sql.Blob -> org.hibernate.type.BasicTypeReference@4b5aa48b
2025-01-02T14:32:43.433-03:00 DEBUG 14591 --- [helpdesk-simulador-api] [    Test worker] org.hibernate.type.BasicTypeRegistry     : Adding type registration materialized_blob -> org.hibernate.type.BasicTypeReference@51c008fd
2025-01-02T14:32:43.433-03:00 DEBUG 14591 --- [helpdesk-simulador-api] [    Test worker] org.hibernate.type.BasicTypeRegistry     : Adding type registration materialized_blob_wrapper -> org.hibernate.type.BasicTypeReference@70ed902a
2025-01-02T14:32:43.433-03:00 DEBUG 14591 --- [helpdesk-simulador-api] [    Test worker] org.hibernate.type.BasicTypeRegistry     : Adding type registration short -> org.hibernate.type.BasicTypeReference@22f80e36
2025-01-02T14:32:43.433-03:00 DEBUG 14591 --- [helpdesk-simulador-api] [    Test worker] org.hibernate.type.BasicTypeRegistry     : Adding type registration short -> org.hibernate.type.BasicTypeReference@22f80e36
2025-01-02T14:32:43.433-03:00 DEBUG 14591 --- [helpdesk-simulador-api] [    Test worker] org.hibernate.type.BasicTypeRegistry     : Adding type registration java.lang.Short -> org.hibernate.type.BasicTypeReference@22f80e36
2025-01-02T14:32:43.433-03:00 DEBUG 14591 --- [helpdesk-simulador-api] [    Test worker] org.hibernate.type.BasicTypeRegistry     : Adding type registration integer -> org.hibernate.type.BasicTypeReference@3c98981e
2025-01-02T14:32:43.433-03:00 DEBUG 14591 --- [helpdesk-simulador-api] [    Test worker] org.hibernate.type.BasicTypeRegistry     : Adding type registration int -> org.hibernate.type.BasicTypeReference@3c98981e
2025-01-02T14:32:43.433-03:00 DEBUG 14591 --- [helpdesk-simulador-api] [    Test worker] org.hibernate.type.BasicTypeRegistry     : Adding type registration java.lang.Integer -> org.hibernate.type.BasicTypeReference@3c98981e
2025-01-02T14:32:43.433-03:00 DEBUG 14591 --- [helpdesk-simulador-api] [    Test worker] org.hibernate.type.BasicTypeRegistry     : Adding type registration long -> org.hibernate.type.BasicTypeReference@6dcee890
2025-01-02T14:32:43.433-03:00 DEBUG 14591 --- [helpdesk-simulador-api] [    Test worker] org.hibernate.type.BasicTypeRegistry     : Adding type registration long -> org.hibernate.type.BasicTypeReference@6dcee890
2025-01-02T14:32:43.433-03:00 DEBUG 14591 --- [helpdesk-simulador-api] [    Test worker] org.hibernate.type.BasicTypeRegistry     : Adding type registration java.lang.Long -> org.hibernate.type.BasicTypeReference@6dcee890
2025-01-02T14:32:43.434-03:00 DEBUG 14591 --- [helpdesk-simulador-api] [    Test worker] org.hibernate.type.BasicTypeRegistry     : Adding type registration float -> org.hibernate.type.BasicTypeReference@713e49c3
2025-01-02T14:32:43.434-03:00 DEBUG 14591 --- [helpdesk-simulador-api] [    Test worker] org.hibernate.type.BasicTypeRegistry     : Adding type registration float -> org.hibernate.type.BasicTypeReference@713e49c3
2025-01-02T14:32:43.434-03:00 DEBUG 14591 --- [helpdesk-simulador-api] [    Test worker] org.hibernate.type.BasicTypeRegistry     : Adding type registration java.lang.Float -> org.hibernate.type.BasicTypeReference@713e49c3
2025-01-02T14:32:43.434-03:00 DEBUG 14591 --- [helpdesk-simulador-api] [    Test worker] org.hibernate.type.BasicTypeRegistry     : Adding type registration double -> org.hibernate.type.BasicTypeReference@13d5606c
2025-01-02T14:32:43.434-03:00 DEBUG 14591 --- [helpdesk-simulador-api] [    Test worker] org.hibernate.type.BasicTypeRegistry     : Adding type registration double -> org.hibernate.type.BasicTypeReference@13d5606c
2025-01-02T14:32:43.434-03:00 DEBUG 14591 --- [helpdesk-simulador-api] [    Test worker] org.hibernate.type.BasicTypeRegistry     : Adding type registration java.lang.Double -> org.hibernate.type.BasicTypeReference@13d5606c
2025-01-02T14:32:43.434-03:00 DEBUG 14591 --- [helpdesk-simulador-api] [    Test worker] org.hibernate.type.BasicTypeRegistry     : Adding type registration big_integer -> org.hibernate.type.BasicTypeReference@6bf54260
2025-01-02T14:32:43.434-03:00 DEBUG 14591 --- [helpdesk-simulador-api] [    Test worker] org.hibernate.type.BasicTypeRegistry     : Adding type registration java.math.BigInteger -> org.hibernate.type.BasicTypeReference@6bf54260
2025-01-02T14:32:43.434-03:00 DEBUG 14591 --- [helpdesk-simulador-api] [    Test worker] org.hibernate.type.BasicTypeRegistry     : Adding type registration big_decimal -> org.hibernate.type.BasicTypeReference@7165bde6
2025-01-02T14:32:43.434-03:00 DEBUG 14591 --- [helpdesk-simulador-api] [    Test worker] org.hibernate.type.BasicTypeRegistry     : Adding type registration java.math.BigDecimal -> org.hibernate.type.BasicTypeReference@7165bde6
2025-01-02T14:32:43.434-03:00 DEBUG 14591 --- [helpdesk-simulador-api] [    Test worker] org.hibernate.type.BasicTypeRegistry     : Adding type registration character -> org.hibernate.type.BasicTypeReference@72168258
2025-01-02T14:32:43.434-03:00 DEBUG 14591 --- [helpdesk-simulador-api] [    Test worker] org.hibernate.type.BasicTypeRegistry     : Adding type registration char -> org.hibernate.type.BasicTypeReference@72168258
2025-01-02T14:32:43.434-03:00 DEBUG 14591 --- [helpdesk-simulador-api] [    Test worker] org.hibernate.type.BasicTypeRegistry     : Adding type registration java.lang.Character -> org.hibernate.type.BasicTypeReference@72168258
2025-01-02T14:32:43.434-03:00 DEBUG 14591 --- [helpdesk-simulador-api] [    Test worker] org.hibernate.type.BasicTypeRegistry     : Adding type registration character_nchar -> org.hibernate.type.BasicTypeReference@4af84a76
2025-01-02T14:32:43.434-03:00 DEBUG 14591 --- [helpdesk-simulador-api] [    Test worker] org.hibernate.type.BasicTypeRegistry     : Adding type registration string -> org.hibernate.type.BasicTypeReference@b5ff70b
2025-01-02T14:32:43.434-03:00 DEBUG 14591 --- [helpdesk-simulador-api] [    Test worker] org.hibernate.type.BasicTypeRegistry     : Adding type registration java.lang.String -> org.hibernate.type.BasicTypeReference@b5ff70b
2025-01-02T14:32:43.434-03:00 DEBUG 14591 --- [helpdesk-simulador-api] [    Test worker] org.hibernate.type.BasicTypeRegistry     : Adding type registration nstring -> org.hibernate.type.BasicTypeReference@5709e10b
2025-01-02T14:32:43.434-03:00 DEBUG 14591 --- [helpdesk-simulador-api] [    Test worker] org.hibernate.type.BasicTypeRegistry     : Adding type registration characters -> org.hibernate.type.BasicTypeReference@114badf0
2025-01-02T14:32:43.435-03:00 DEBUG 14591 --- [helpdesk-simulador-api] [    Test worker] org.hibernate.type.BasicTypeRegistry     : Adding type registration char[] -> org.hibernate.type.BasicTypeReference@114badf0
2025-01-02T14:32:43.435-03:00 DEBUG 14591 --- [helpdesk-simulador-api] [    Test worker] org.hibernate.type.BasicTypeRegistry     : Adding type registration [C -> org.hibernate.type.BasicTypeReference@114badf0
2025-01-02T14:32:43.435-03:00 DEBUG 14591 --- [helpdesk-simulador-api] [    Test worker] org.hibernate.type.BasicTypeRegistry     : Adding type registration wrapper-characters -> org.hibernate.type.BasicTypeReference@19e8fe55
2025-01-02T14:32:43.435-03:00 DEBUG 14591 --- [helpdesk-simulador-api] [    Test worker] org.hibernate.type.BasicTypeRegistry     : Adding type registration text -> org.hibernate.type.BasicTypeReference@6d7bb5cc
2025-01-02T14:32:43.435-03:00 DEBUG 14591 --- [helpdesk-simulador-api] [    Test worker] org.hibernate.type.BasicTypeRegistry     : Adding type registration ntext -> org.hibernate.type.BasicTypeReference@756200d1
2025-01-02T14:32:43.435-03:00 DEBUG 14591 --- [helpdesk-simulador-api] [    Test worker] org.hibernate.type.BasicTypeRegistry     : Adding type registration clob -> org.hibernate.type.BasicTypeReference@390a07a0
2025-01-02T14:32:43.435-03:00 DEBUG 14591 --- [helpdesk-simulador-api] [    Test worker] org.hibernate.type.BasicTypeRegistry     : Adding type registration java.sql.Clob -> org.hibernate.type.BasicTypeReference@390a07a0
2025-01-02T14:32:43.435-03:00 DEBUG 14591 --- [helpdesk-simulador-api] [    Test worker] org.hibernate.type.BasicTypeRegistry     : Adding type registration nclob -> org.hibernate.type.BasicTypeReference@674e4c82
2025-01-02T14:32:43.435-03:00 DEBUG 14591 --- [helpdesk-simulador-api] [    Test worker] org.hibernate.type.BasicTypeRegistry     : Adding type registration java.sql.NClob -> org.hibernate.type.BasicTypeReference@674e4c82
2025-01-02T14:32:43.435-03:00 DEBUG 14591 --- [helpdesk-simulador-api] [    Test worker] org.hibernate.type.BasicTypeRegistry     : Adding type registration materialized_clob -> org.hibernate.type.BasicTypeReference@572b4072
2025-01-02T14:32:43.435-03:00 DEBUG 14591 --- [helpdesk-simulador-api] [    Test worker] org.hibernate.type.BasicTypeRegistry     : Adding type registration materialized_clob_char_array -> org.hibernate.type.BasicTypeReference@322ab6ce
2025-01-02T14:32:43.435-03:00 DEBUG 14591 --- [helpdesk-simulador-api] [    Test worker] org.hibernate.type.BasicTypeRegistry     : Adding type registration materialized_clob_character_array -> org.hibernate.type.BasicTypeReference@5b74902c
2025-01-02T14:32:43.435-03:00 DEBUG 14591 --- [helpdesk-simulador-api] [    Test worker] org.hibernate.type.BasicTypeRegistry     : Adding type registration materialized_nclob -> org.hibernate.type.BasicTypeReference@4e4bfd9c
2025-01-02T14:32:43.435-03:00 DEBUG 14591 --- [helpdesk-simulador-api] [    Test worker] org.hibernate.type.BasicTypeRegistry     : Adding type registration materialized_nclob_character_array -> org.hibernate.type.BasicTypeReference@43ee1cf7
2025-01-02T14:32:43.435-03:00 DEBUG 14591 --- [helpdesk-simulador-api] [    Test worker] org.hibernate.type.BasicTypeRegistry     : Adding type registration materialized_nclob_char_array -> org.hibernate.type.BasicTypeReference@24954e82
2025-01-02T14:32:43.435-03:00 DEBUG 14591 --- [helpdesk-simulador-api] [    Test worker] org.hibernate.type.BasicTypeRegistry     : Adding type registration Duration -> org.hibernate.type.BasicTypeReference@5b1f5fcc
2025-01-02T14:32:43.435-03:00 DEBUG 14591 --- [helpdesk-simulador-api] [    Test worker] org.hibernate.type.BasicTypeRegistry     : Adding type registration java.time.Duration -> org.hibernate.type.BasicTypeReference@5b1f5fcc
2025-01-02T14:32:43.435-03:00 DEBUG 14591 --- [helpdesk-simulador-api] [    Test worker] org.hibernate.type.BasicTypeRegistry     : Adding type registration LocalDateTime -> org.hibernate.type.BasicTypeReference@4a29fe2e
2025-01-02T14:32:43.435-03:00 DEBUG 14591 --- [helpdesk-simulador-api] [    Test worker] org.hibernate.type.BasicTypeRegistry     : Adding type registration java.time.LocalDateTime -> org.hibernate.type.BasicTypeReference@4a29fe2e
2025-01-02T14:32:43.435-03:00 DEBUG 14591 --- [helpdesk-simulador-api] [    Test worker] org.hibernate.type.BasicTypeRegistry     : Adding type registration LocalDate -> org.hibernate.type.BasicTypeReference@79135a38
2025-01-02T14:32:43.435-03:00 DEBUG 14591 --- [helpdesk-simulador-api] [    Test worker] org.hibernate.type.BasicTypeRegistry     : Adding type registration java.time.LocalDate -> org.hibernate.type.BasicTypeReference@79135a38
2025-01-02T14:32:43.435-03:00 DEBUG 14591 --- [helpdesk-simulador-api] [    Test worker] org.hibernate.type.BasicTypeRegistry     : Adding type registration LocalTime -> org.hibernate.type.BasicTypeReference@77fceac6
2025-01-02T14:32:43.436-03:00 DEBUG 14591 --- [helpdesk-simulador-api] [    Test worker] org.hibernate.type.BasicTypeRegistry     : Adding type registration java.time.LocalTime -> org.hibernate.type.BasicTypeReference@77fceac6
2025-01-02T14:32:43.436-03:00 DEBUG 14591 --- [helpdesk-simulador-api] [    Test worker] org.hibernate.type.BasicTypeRegistry     : Adding type registration OffsetDateTime -> org.hibernate.type.BasicTypeReference@563c3aca
2025-01-02T14:32:43.436-03:00 DEBUG 14591 --- [helpdesk-simulador-api] [    Test worker] org.hibernate.type.BasicTypeRegistry     : Adding type registration java.time.OffsetDateTime -> org.hibernate.type.BasicTypeReference@563c3aca
2025-01-02T14:32:43.436-03:00 DEBUG 14591 --- [helpdesk-simulador-api] [    Test worker] org.hibernate.type.BasicTypeRegistry     : Adding type registration OffsetDateTimeWithTimezone -> org.hibernate.type.BasicTypeReference@53e166ad
2025-01-02T14:32:43.436-03:00 DEBUG 14591 --- [helpdesk-simulador-api] [    Test worker] org.hibernate.type.BasicTypeRegistry     : Adding type registration OffsetDateTimeWithoutTimezone -> org.hibernate.type.BasicTypeReference@30c03473
2025-01-02T14:32:43.436-03:00 DEBUG 14591 --- [helpdesk-simulador-api] [    Test worker] org.hibernate.type.BasicTypeRegistry     : Adding type registration OffsetTime -> org.hibernate.type.BasicTypeReference@20fa5277
2025-01-02T14:32:43.436-03:00 DEBUG 14591 --- [helpdesk-simulador-api] [    Test worker] org.hibernate.type.BasicTypeRegistry     : Adding type registration java.time.OffsetTime -> org.hibernate.type.BasicTypeReference@20fa5277
2025-01-02T14:32:43.436-03:00 DEBUG 14591 --- [helpdesk-simulador-api] [    Test worker] org.hibernate.type.BasicTypeRegistry     : Adding type registration OffsetTimeUtc -> org.hibernate.type.BasicTypeReference@17a7d6c8
2025-01-02T14:32:43.436-03:00 DEBUG 14591 --- [helpdesk-simulador-api] [    Test worker] org.hibernate.type.BasicTypeRegistry     : Adding type registration OffsetTimeWithTimezone -> org.hibernate.type.BasicTypeReference@4f2b1e9f
2025-01-02T14:32:43.436-03:00 DEBUG 14591 --- [helpdesk-simulador-api] [    Test worker] org.hibernate.type.BasicTypeRegistry     : Adding type registration OffsetTimeWithoutTimezone -> org.hibernate.type.BasicTypeReference@7ef9c8a5
2025-01-02T14:32:43.436-03:00 DEBUG 14591 --- [helpdesk-simulador-api] [    Test worker] org.hibernate.type.BasicTypeRegistry     : Adding type registration ZonedDateTime -> org.hibernate.type.BasicTypeReference@c6244e7
2025-01-02T14:32:43.436-03:00 DEBUG 14591 --- [helpdesk-simulador-api] [    Test worker] org.hibernate.type.BasicTypeRegistry     : Adding type registration java.time.ZonedDateTime -> org.hibernate.type.BasicTypeReference@c6244e7
2025-01-02T14:32:43.436-03:00 DEBUG 14591 --- [helpdesk-simulador-api] [    Test worker] org.hibernate.type.BasicTypeRegistry     : Adding type registration ZonedDateTimeWithTimezone -> org.hibernate.type.BasicTypeReference@25dad235
2025-01-02T14:32:43.436-03:00 DEBUG 14591 --- [helpdesk-simulador-api] [    Test worker] org.hibernate.type.BasicTypeRegistry     : Adding type registration ZonedDateTimeWithoutTimezone -> org.hibernate.type.BasicTypeReference@3292eff7
2025-01-02T14:32:43.436-03:00 DEBUG 14591 --- [helpdesk-simulador-api] [    Test worker] org.hibernate.type.BasicTypeRegistry     : Adding type registration date -> org.hibernate.type.BasicTypeReference@29ea5e0
2025-01-02T14:32:43.436-03:00 DEBUG 14591 --- [helpdesk-simulador-api] [    Test worker] org.hibernate.type.BasicTypeRegistry     : Adding type registration java.sql.Date -> org.hibernate.type.BasicTypeReference@29ea5e0
2025-01-02T14:32:43.436-03:00 DEBUG 14591 --- [helpdesk-simulador-api] [    Test worker] org.hibernate.type.BasicTypeRegistry     : Adding type registration time -> org.hibernate.type.BasicTypeReference@1c459c28
2025-01-02T14:32:43.436-03:00 DEBUG 14591 --- [helpdesk-simulador-api] [    Test worker] org.hibernate.type.BasicTypeRegistry     : Adding type registration java.sql.Time -> org.hibernate.type.BasicTypeReference@1c459c28
2025-01-02T14:32:43.436-03:00 DEBUG 14591 --- [helpdesk-simulador-api] [    Test worker] org.hibernate.type.BasicTypeRegistry     : Adding type registration timestamp -> org.hibernate.type.BasicTypeReference@6ffdbeef
2025-01-02T14:32:43.436-03:00 DEBUG 14591 --- [helpdesk-simulador-api] [    Test worker] org.hibernate.type.BasicTypeRegistry     : Adding type registration java.sql.Timestamp -> org.hibernate.type.BasicTypeReference@6ffdbeef
2025-01-02T14:32:43.436-03:00 DEBUG 14591 --- [helpdesk-simulador-api] [    Test worker] org.hibernate.type.BasicTypeRegistry     : Adding type registration java.util.Date -> org.hibernate.type.BasicTypeReference@6ffdbeef
2025-01-02T14:32:43.437-03:00 DEBUG 14591 --- [helpdesk-simulador-api] [    Test worker] org.hibernate.type.BasicTypeRegistry     : Adding type registration calendar -> org.hibernate.type.BasicTypeReference@4a3509b0
2025-01-02T14:32:43.437-03:00 DEBUG 14591 --- [helpdesk-simulador-api] [    Test worker] org.hibernate.type.BasicTypeRegistry     : Adding type registration java.util.Calendar -> org.hibernate.type.BasicTypeReference@4a3509b0
2025-01-02T14:32:43.437-03:00 DEBUG 14591 --- [helpdesk-simulador-api] [    Test worker] org.hibernate.type.BasicTypeRegistry     : Adding type registration java.util.GregorianCalendar -> org.hibernate.type.BasicTypeReference@4a3509b0
2025-01-02T14:32:43.437-03:00 DEBUG 14591 --- [helpdesk-simulador-api] [    Test worker] org.hibernate.type.BasicTypeRegistry     : Adding type registration calendar_date -> org.hibernate.type.BasicTypeReference@3d7314b3
2025-01-02T14:32:43.437-03:00 DEBUG 14591 --- [helpdesk-simulador-api] [    Test worker] org.hibernate.type.BasicTypeRegistry     : Adding type registration calendar_time -> org.hibernate.type.BasicTypeReference@d677be9
2025-01-02T14:32:43.437-03:00 DEBUG 14591 --- [helpdesk-simulador-api] [    Test worker] org.hibernate.type.BasicTypeRegistry     : Adding type registration instant -> org.hibernate.type.BasicTypeReference@fefb66c
2025-01-02T14:32:43.437-03:00 DEBUG 14591 --- [helpdesk-simulador-api] [    Test worker] org.hibernate.type.BasicTypeRegistry     : Adding type registration java.time.Instant -> org.hibernate.type.BasicTypeReference@fefb66c
2025-01-02T14:32:43.437-03:00 DEBUG 14591 --- [helpdesk-simulador-api] [    Test worker] org.hibernate.type.BasicTypeRegistry     : Adding type registration uuid -> org.hibernate.type.BasicTypeReference@6d7556a8
2025-01-02T14:32:43.437-03:00 DEBUG 14591 --- [helpdesk-simulador-api] [    Test worker] org.hibernate.type.BasicTypeRegistry     : Adding type registration java.util.UUID -> org.hibernate.type.BasicTypeReference@6d7556a8
2025-01-02T14:32:43.437-03:00 DEBUG 14591 --- [helpdesk-simulador-api] [    Test worker] org.hibernate.type.BasicTypeRegistry     : Adding type registration pg-uuid -> org.hibernate.type.BasicTypeReference@6d7556a8
2025-01-02T14:32:43.437-03:00 DEBUG 14591 --- [helpdesk-simulador-api] [    Test worker] org.hibernate.type.BasicTypeRegistry     : Adding type registration uuid-binary -> org.hibernate.type.BasicTypeReference@48860139
2025-01-02T14:32:43.437-03:00 DEBUG 14591 --- [helpdesk-simulador-api] [    Test worker] org.hibernate.type.BasicTypeRegistry     : Adding type registration uuid-char -> org.hibernate.type.BasicTypeReference@7e0883f3
2025-01-02T14:32:43.437-03:00 DEBUG 14591 --- [helpdesk-simulador-api] [    Test worker] org.hibernate.type.BasicTypeRegistry     : Adding type registration class -> org.hibernate.type.BasicTypeReference@ca60688
2025-01-02T14:32:43.437-03:00 DEBUG 14591 --- [helpdesk-simulador-api] [    Test worker] org.hibernate.type.BasicTypeRegistry     : Adding type registration java.lang.Class -> org.hibernate.type.BasicTypeReference@ca60688
2025-01-02T14:32:43.437-03:00 DEBUG 14591 --- [helpdesk-simulador-api] [    Test worker] org.hibernate.type.BasicTypeRegistry     : Adding type registration currency -> org.hibernate.type.BasicTypeReference@4ba1c1a2
2025-01-02T14:32:43.437-03:00 DEBUG 14591 --- [helpdesk-simulador-api] [    Test worker] org.hibernate.type.BasicTypeRegistry     : Adding type registration Currency -> org.hibernate.type.BasicTypeReference@4ba1c1a2
2025-01-02T14:32:43.437-03:00 DEBUG 14591 --- [helpdesk-simulador-api] [    Test worker] org.hibernate.type.BasicTypeRegistry     : Adding type registration java.util.Currency -> org.hibernate.type.BasicTypeReference@4ba1c1a2
2025-01-02T14:32:43.437-03:00 DEBUG 14591 --- [helpdesk-simulador-api] [    Test worker] org.hibernate.type.BasicTypeRegistry     : Adding type registration locale -> org.hibernate.type.BasicTypeReference@33568e26
2025-01-02T14:32:43.437-03:00 DEBUG 14591 --- [helpdesk-simulador-api] [    Test worker] org.hibernate.type.BasicTypeRegistry     : Adding type registration java.util.Locale -> org.hibernate.type.BasicTypeReference@33568e26
2025-01-02T14:32:43.437-03:00 DEBUG 14591 --- [helpdesk-simulador-api] [    Test worker] org.hibernate.type.BasicTypeRegistry     : Adding type registration serializable -> org.hibernate.type.BasicTypeReference@97b84a4
2025-01-02T14:32:43.437-03:00 DEBUG 14591 --- [helpdesk-simulador-api] [    Test worker] org.hibernate.type.BasicTypeRegistry     : Adding type registration java.io.Serializable -> org.hibernate.type.BasicTypeReference@97b84a4
2025-01-02T14:32:43.438-03:00 DEBUG 14591 --- [helpdesk-simulador-api] [    Test worker] org.hibernate.type.BasicTypeRegistry     : Adding type registration timezone -> org.hibernate.type.BasicTypeReference@35555145
2025-01-02T14:32:43.438-03:00 DEBUG 14591 --- [helpdesk-simulador-api] [    Test worker] org.hibernate.type.BasicTypeRegistry     : Adding type registration java.util.TimeZone -> org.hibernate.type.BasicTypeReference@35555145
2025-01-02T14:32:43.438-03:00 DEBUG 14591 --- [helpdesk-simulador-api] [    Test worker] org.hibernate.type.BasicTypeRegistry     : Adding type registration ZoneOffset -> org.hibernate.type.BasicTypeReference@70bc3a9c
2025-01-02T14:32:43.438-03:00 DEBUG 14591 --- [helpdesk-simulador-api] [    Test worker] org.hibernate.type.BasicTypeRegistry     : Adding type registration java.time.ZoneOffset -> org.hibernate.type.BasicTypeReference@70bc3a9c
2025-01-02T14:32:43.438-03:00 DEBUG 14591 --- [helpdesk-simulador-api] [    Test worker] org.hibernate.type.BasicTypeRegistry     : Adding type registration url -> org.hibernate.type.BasicTypeReference@771cbd13
2025-01-02T14:32:43.438-03:00 DEBUG 14591 --- [helpdesk-simulador-api] [    Test worker] org.hibernate.type.BasicTypeRegistry     : Adding type registration java.net.URL -> org.hibernate.type.BasicTypeReference@771cbd13
2025-01-02T14:32:43.438-03:00 DEBUG 14591 --- [helpdesk-simulador-api] [    Test worker] org.hibernate.type.BasicTypeRegistry     : Adding type registration vector -> org.hibernate.type.BasicTypeReference@229749f0
2025-01-02T14:32:43.438-03:00 DEBUG 14591 --- [helpdesk-simulador-api] [    Test worker] org.hibernate.type.BasicTypeRegistry     : Adding type registration float_vector -> org.hibernate.type.BasicTypeReference@3d57fb9e
2025-01-02T14:32:43.438-03:00 DEBUG 14591 --- [helpdesk-simulador-api] [    Test worker] org.hibernate.type.BasicTypeRegistry     : Adding type registration double_vector -> org.hibernate.type.BasicTypeReference@2c2e5e72
2025-01-02T14:32:43.438-03:00 DEBUG 14591 --- [helpdesk-simulador-api] [    Test worker] org.hibernate.type.BasicTypeRegistry     : Adding type registration byte_vector -> org.hibernate.type.BasicTypeReference@3e489ac1
2025-01-02T14:32:43.438-03:00 DEBUG 14591 --- [helpdesk-simulador-api] [    Test worker] org.hibernate.type.BasicTypeRegistry     : Adding type registration row_version -> org.hibernate.type.BasicTypeReference@26888c31
2025-01-02T14:32:43.440-03:00 DEBUG 14591 --- [helpdesk-simulador-api] [    Test worker] org.hibernate.type.BasicTypeRegistry     : Adding type registration object -> org.hibernate.type.JavaObjectType@983050b
2025-01-02T14:32:43.440-03:00 DEBUG 14591 --- [helpdesk-simulador-api] [    Test worker] org.hibernate.type.BasicTypeRegistry     : Adding type registration java.lang.Object -> org.hibernate.type.JavaObjectType@983050b
2025-01-02T14:32:43.440-03:00 DEBUG 14591 --- [helpdesk-simulador-api] [    Test worker] org.hibernate.type.BasicTypeRegistry     : Adding type registration null -> org.hibernate.type.NullType@29592929
2025-01-02T14:32:43.440-03:00 DEBUG 14591 --- [helpdesk-simulador-api] [    Test worker] org.hibernate.type.BasicTypeRegistry     : Adding type registration imm_date -> org.hibernate.type.BasicTypeReference@4cf5d999
2025-01-02T14:32:43.440-03:00 DEBUG 14591 --- [helpdesk-simulador-api] [    Test worker] org.hibernate.type.BasicTypeRegistry     : Adding type registration imm_time -> org.hibernate.type.BasicTypeReference@4bdef487
2025-01-02T14:32:43.440-03:00 DEBUG 14591 --- [helpdesk-simulador-api] [    Test worker] org.hibernate.type.BasicTypeRegistry     : Adding type registration imm_timestamp -> org.hibernate.type.BasicTypeReference@5ea9373e
2025-01-02T14:32:43.440-03:00 DEBUG 14591 --- [helpdesk-simulador-api] [    Test worker] org.hibernate.type.BasicTypeRegistry     : Adding type registration imm_calendar -> org.hibernate.type.BasicTypeReference@3e595da3
2025-01-02T14:32:43.440-03:00 DEBUG 14591 --- [helpdesk-simulador-api] [    Test worker] org.hibernate.type.BasicTypeRegistry     : Adding type registration imm_calendar_date -> org.hibernate.type.BasicTypeReference@5c0272e0
2025-01-02T14:32:43.440-03:00 DEBUG 14591 --- [helpdesk-simulador-api] [    Test worker] org.hibernate.type.BasicTypeRegistry     : Adding type registration imm_calendar_time -> org.hibernate.type.BasicTypeReference@60c4cf2b
2025-01-02T14:32:43.440-03:00 DEBUG 14591 --- [helpdesk-simulador-api] [    Test worker] org.hibernate.type.BasicTypeRegistry     : Adding type registration imm_binary -> org.hibernate.type.BasicTypeReference@774304ca
2025-01-02T14:32:43.440-03:00 DEBUG 14591 --- [helpdesk-simulador-api] [    Test worker] org.hibernate.type.BasicTypeRegistry     : Adding type registration imm_serializable -> org.hibernate.type.BasicTypeReference@303fbc4
2025-01-02T14:32:43.455-03:00  INFO 14591 --- [helpdesk-simulador-api] [    Test worker] o.s.o.j.p.SpringPersistenceUnitInfo      : No LoadTimeWeaver setup: ignoring JPA class transformer
2025-01-02T14:32:43.467-03:00  INFO 14591 --- [helpdesk-simulador-api] [    Test worker] com.zaxxer.hikari.HikariDataSource       : HikariPool-1 - Starting...
2025-01-02T14:32:43.528-03:00  INFO 14591 --- [helpdesk-simulador-api] [    Test worker] com.zaxxer.hikari.pool.HikariPool        : HikariPool-1 - Added connection com.mysql.cj.jdbc.ConnectionImpl@4301fa39
2025-01-02T14:32:43.528-03:00  INFO 14591 --- [helpdesk-simulador-api] [    Test worker] com.zaxxer.hikari.HikariDataSource       : HikariPool-1 - Start completed.
2025-01-02T14:32:43.542-03:00  WARN 14591 --- [helpdesk-simulador-api] [    Test worker] org.hibernate.orm.deprecation            : HHH90000025: MySQL8Dialect does not need to be specified explicitly using 'hibernate.dialect' (remove the property setting and it will be selected by default)
2025-01-02T14:32:43.543-03:00  WARN 14591 --- [helpdesk-simulador-api] [    Test worker] org.hibernate.orm.deprecation            : HHH90000026: MySQL8Dialect has been deprecated; use org.hibernate.dialect.MySQLDialect instead
2025-01-02T14:32:43.551-03:00  INFO 14591 --- [helpdesk-simulador-api] [    Test worker] org.hibernate.orm.connections.pooling    : HHH10001005: Database info:
	Database JDBC URL [Connecting through datasource 'HikariDataSource (HikariPool-1)']
	Database driver: undefined/unknown
	Database version: 8.0
	Autocommit mode: undefined/unknown
	Isolation level: undefined/unknown
	Minimum pool size: undefined/unknown
	Maximum pool size: undefined/unknown
2025-01-02T14:32:43.553-03:00 DEBUG 14591 --- [helpdesk-simulador-api] [    Test worker] o.h.t.d.sql.spi.DdlTypeRegistry          : addDescriptor(12, org.hibernate.type.descriptor.sql.internal.CapacityDependentDdlType@25109d84) replaced previous registration(org.hibernate.type.descriptor.sql.internal.CapacityDependentDdlType@4a1934e2)
2025-01-02T14:32:43.553-03:00 DEBUG 14591 --- [helpdesk-simulador-api] [    Test worker] o.h.t.d.sql.spi.DdlTypeRegistry          : addDescriptor(-9, org.hibernate.type.descriptor.sql.internal.CapacityDependentDdlType@6963b0bd) replaced previous registration(org.hibernate.type.descriptor.sql.internal.CapacityDependentDdlType@68a94e58)
2025-01-02T14:32:43.553-03:00 DEBUG 14591 --- [helpdesk-simulador-api] [    Test worker] o.h.t.d.sql.spi.DdlTypeRegistry          : addDescriptor(-3, org.hibernate.type.descriptor.sql.internal.CapacityDependentDdlType@49741274) replaced previous registration(org.hibernate.type.descriptor.sql.internal.CapacityDependentDdlType@4a49919c)
2025-01-02T14:32:43.553-03:00 DEBUG 14591 --- [helpdesk-simulador-api] [    Test worker] o.h.t.d.sql.spi.DdlTypeRegistry          : addDescriptor(4003, org.hibernate.type.descriptor.sql.internal.DdlTypeImpl@3e5b2630) replaced previous registration(org.hibernate.type.descriptor.sql.internal.DdlTypeImpl@1c22642d)
2025-01-02T14:32:43.553-03:00 DEBUG 14591 --- [helpdesk-simulador-api] [    Test worker] o.h.t.d.sql.spi.DdlTypeRegistry          : addDescriptor(4001, org.hibernate.type.descriptor.sql.internal.DdlTypeImpl@75ac326f) replaced previous registration(org.hibernate.type.descriptor.sql.internal.DdlTypeImpl@736f8837)
2025-01-02T14:32:43.553-03:00 DEBUG 14591 --- [helpdesk-simulador-api] [    Test worker] o.h.t.d.sql.spi.DdlTypeRegistry          : addDescriptor(4002, org.hibernate.type.descriptor.sql.internal.DdlTypeImpl@14624acc) replaced previous registration(org.hibernate.type.descriptor.sql.internal.DdlTypeImpl@1b6e4761)
2025-01-02T14:32:43.553-03:00 DEBUG 14591 --- [helpdesk-simulador-api] [    Test worker] o.h.t.d.sql.spi.DdlTypeRegistry          : addDescriptor(2004, org.hibernate.type.descriptor.sql.internal.CapacityDependentDdlType@f453129) replaced previous registration(org.hibernate.type.descriptor.sql.internal.DdlTypeImpl@642ec6)
2025-01-02T14:32:43.554-03:00 DEBUG 14591 --- [helpdesk-simulador-api] [    Test worker] o.h.t.d.sql.spi.DdlTypeRegistry          : addDescriptor(2005, org.hibernate.type.descriptor.sql.internal.CapacityDependentDdlType@656302c) replaced previous registration(org.hibernate.type.descriptor.sql.internal.DdlTypeImpl@6f6a2ac8)
2025-01-02T14:32:43.554-03:00 DEBUG 14591 --- [helpdesk-simulador-api] [    Test worker] o.h.t.d.sql.spi.DdlTypeRegistry          : addDescriptor(2011, org.hibernate.type.descriptor.sql.internal.CapacityDependentDdlType@49809275) replaced previous registration(org.hibernate.type.descriptor.sql.internal.DdlTypeImpl@68b3979d)
2025-01-02T14:32:43.554-03:00 DEBUG 14591 --- [helpdesk-simulador-api] [    Test worker] o.h.t.d.jdbc.spi.JdbcTypeRegistry        : addDescriptor(NCharTypeDescriptor) replaced previous registration(CharTypeDescriptor)
2025-01-02T14:32:43.554-03:00 DEBUG 14591 --- [helpdesk-simulador-api] [    Test worker] o.h.t.d.jdbc.spi.JdbcTypeRegistry        : addDescriptor(NVarcharTypeDescriptor) replaced previous registration(VarcharTypeDescriptor)
2025-01-02T14:32:43.554-03:00 DEBUG 14591 --- [helpdesk-simulador-api] [    Test worker] o.h.t.d.jdbc.spi.JdbcTypeRegistry        : addDescriptor(LongNVarcharTypeDescriptor) replaced previous registration(LongVarcharTypeDescriptor)
2025-01-02T14:32:43.555-03:00 DEBUG 14591 --- [helpdesk-simulador-api] [    Test worker] o.h.t.d.jdbc.spi.JdbcTypeRegistry        : addDescriptor(NClobTypeDescriptor(DEFAULT)) replaced previous registration(ClobTypeDescriptor(DEFAULT))
2025-01-02T14:32:43.556-03:00 DEBUG 14591 --- [helpdesk-simulador-api] [    Test worker] org.hibernate.type.BasicTypeRegistry     : Adding type registration null -> org.hibernate.type.NullType@750457a5
2025-01-02T14:32:43.556-03:00 DEBUG 14591 --- [helpdesk-simulador-api] [    Test worker] org.hibernate.type.BasicTypeRegistry     : Type registration key [null] overrode previous entry : `org.hibernate.type.NullType@29592929`
2025-01-02T14:32:43.557-03:00 DEBUG 14591 --- [helpdesk-simulador-api] [    Test worker] org.hibernate.type.BasicTypeRegistry     : Adding type registration org.hibernate.type.DurationType -> basicType@1(java.time.Duration,3015)
2025-01-02T14:32:43.557-03:00 DEBUG 14591 --- [helpdesk-simulador-api] [    Test worker] org.hibernate.type.BasicTypeRegistry     : Adding type registration Duration -> basicType@1(java.time.Duration,3015)
2025-01-02T14:32:43.557-03:00 DEBUG 14591 --- [helpdesk-simulador-api] [    Test worker] org.hibernate.type.BasicTypeRegistry     : Adding type registration java.time.Duration -> basicType@1(java.time.Duration,3015)
2025-01-02T14:32:43.558-03:00 DEBUG 14591 --- [helpdesk-simulador-api] [    Test worker] org.hibernate.type.BasicTypeRegistry     : Adding type registration org.hibernate.type.OffsetDateTimeType -> basicType@2(java.time.OffsetDateTime,3003)
2025-01-02T14:32:43.558-03:00 DEBUG 14591 --- [helpdesk-simulador-api] [    Test worker] org.hibernate.type.BasicTypeRegistry     : Adding type registration OffsetDateTime -> basicType@2(java.time.OffsetDateTime,3003)
2025-01-02T14:32:43.558-03:00 DEBUG 14591 --- [helpdesk-simulador-api] [    Test worker] org.hibernate.type.BasicTypeRegistry     : Adding type registration java.time.OffsetDateTime -> basicType@2(java.time.OffsetDateTime,3003)
2025-01-02T14:32:43.558-03:00 DEBUG 14591 --- [helpdesk-simulador-api] [    Test worker] org.hibernate.type.BasicTypeRegistry     : Adding type registration org.hibernate.type.ZonedDateTimeType -> basicType@3(java.time.ZonedDateTime,3003)
2025-01-02T14:32:43.558-03:00 DEBUG 14591 --- [helpdesk-simulador-api] [    Test worker] org.hibernate.type.BasicTypeRegistry     : Adding type registration ZonedDateTime -> basicType@3(java.time.ZonedDateTime,3003)
2025-01-02T14:32:43.558-03:00 DEBUG 14591 --- [helpdesk-simulador-api] [    Test worker] org.hibernate.type.BasicTypeRegistry     : Adding type registration java.time.ZonedDateTime -> basicType@3(java.time.ZonedDateTime,3003)
2025-01-02T14:32:43.558-03:00 DEBUG 14591 --- [helpdesk-simulador-api] [    Test worker] org.hibernate.type.BasicTypeRegistry     : Adding type registration org.hibernate.type.OffsetTimeType -> basicType@4(java.time.OffsetTime,3007)
2025-01-02T14:32:43.558-03:00 DEBUG 14591 --- [helpdesk-simulador-api] [    Test worker] org.hibernate.type.BasicTypeRegistry     : Adding type registration OffsetTime -> basicType@4(java.time.OffsetTime,3007)
2025-01-02T14:32:43.558-03:00 DEBUG 14591 --- [helpdesk-simulador-api] [    Test worker] org.hibernate.type.BasicTypeRegistry     : Adding type registration java.time.OffsetTime -> basicType@4(java.time.OffsetTime,3007)
2025-01-02T14:32:43.559-03:00 DEBUG 14591 --- [helpdesk-simulador-api] [    Test worker] o.h.type.spi.TypeConfiguration$Scope     : Scoping TypeConfiguration [org.hibernate.type.spi.TypeConfiguration@4f65af91] to MetadataBuildingContext [org.hibernate.boot.internal.MetadataBuildingContextRootImpl@1b79df53]
2025-01-02T14:32:43.812-03:00  INFO 14591 --- [helpdesk-simulador-api] [    Test worker] o.h.e.t.j.p.i.JtaPlatformInitiator       : HHH000489: No JTA platform available (set 'hibernate.transaction.jta.platform' to enable JTA platform integration)
2025-01-02T14:32:43.813-03:00 DEBUG 14591 --- [helpdesk-simulador-api] [    Test worker] o.h.type.spi.TypeConfiguration$Scope     : Scoping TypeConfiguration [org.hibernate.type.spi.TypeConfiguration@4f65af91] to SessionFactoryImplementor [org.hibernate.internal.SessionFactoryImpl@20724c21]
2025-01-02T14:32:43.817-03:00 DEBUG 14591 --- [helpdesk-simulador-api] [    Test worker] org.hibernate.SQL                        :
    alter table balcao
       drop
       foreign key FK8kw1uds9h3phoe9d67n7dufv3
Hibernate:
    alter table balcao
       drop
       foreign key FK8kw1uds9h3phoe9d67n7dufv3
2025-01-02T14:32:43.824-03:00 DEBUG 14591 --- [helpdesk-simulador-api] [    Test worker] org.hibernate.SQL                        :
    alter table chamado
       drop
       foreign key FKoyde37wmnhiao4b50yqu0pqmm
Hibernate:
    alter table chamado
       drop
       foreign key FKoyde37wmnhiao4b50yqu0pqmm
2025-01-02T14:32:43.829-03:00 DEBUG 14591 --- [helpdesk-simulador-api] [    Test worker] org.hibernate.SQL                        :
    alter table chamado
       drop
       foreign key FKte4qj58oa23sc00qab9r5vpj3
Hibernate:
    alter table chamado
       drop
       foreign key FKte4qj58oa23sc00qab9r5vpj3
2025-01-02T14:32:43.832-03:00 DEBUG 14591 --- [helpdesk-simulador-api] [    Test worker] org.hibernate.SQL                        :
    alter table chamado
       drop
       foreign key FK8bc0ospjmkj8qk0lve9pppwyu
Hibernate:
    alter table chamado
       drop
       foreign key FK8bc0ospjmkj8qk0lve9pppwyu
2025-01-02T14:32:43.836-03:00 DEBUG 14591 --- [helpdesk-simulador-api] [    Test worker] org.hibernate.SQL                        :
    drop table if exists atendente
Hibernate:
    drop table if exists atendente
2025-01-02T14:32:43.839-03:00 DEBUG 14591 --- [helpdesk-simulador-api] [    Test worker] org.hibernate.SQL                        :
    drop table if exists balcao
Hibernate:
    drop table if exists balcao
2025-01-02T14:32:43.843-03:00 DEBUG 14591 --- [helpdesk-simulador-api] [    Test worker] org.hibernate.SQL                        :
    drop table if exists chamado
Hibernate:
    drop table if exists chamado
2025-01-02T14:32:43.848-03:00 DEBUG 14591 --- [helpdesk-simulador-api] [    Test worker] org.hibernate.SQL                        :
    drop table if exists maquininha
Hibernate:
    drop table if exists maquininha
2025-01-02T14:32:43.851-03:00 DEBUG 14591 --- [helpdesk-simulador-api] [    Test worker] org.hibernate.SQL                        :
    drop table if exists usuario
Hibernate:
    drop table if exists usuario
2025-01-02T14:32:43.858-03:00 DEBUG 14591 --- [helpdesk-simulador-api] [    Test worker] org.hibernate.SQL                        :
    create table atendente (
        atendente_id bigint not null auto_increment,
        nome varchar(255),
        primary key (atendente_id)
    ) engine=InnoDB
Hibernate:
    create table atendente (
        atendente_id bigint not null auto_increment,
        nome varchar(255),
        primary key (atendente_id)
    ) engine=InnoDB
2025-01-02T14:32:43.864-03:00 DEBUG 14591 --- [helpdesk-simulador-api] [    Test worker] org.hibernate.SQL                        :
    create table balcao (
        atendente_id bigint not null,
        balcao_id bigint not null auto_increment,
        nome_balcao varchar(255),
        primary key (balcao_id)
    ) engine=InnoDB
Hibernate:
    create table balcao (
        atendente_id bigint not null,
        balcao_id bigint not null auto_increment,
        nome_balcao varchar(255),
        primary key (balcao_id)
    ) engine=InnoDB
2025-01-02T14:32:43.871-03:00 DEBUG 14591 --- [helpdesk-simulador-api] [    Test worker] org.hibernate.SQL                        :
    create table chamado (
        balcao_id bigint not null,
        chamado_id bigint not null auto_increment,
        data_chamado datetime(6),
        data_resolucao datetime(6),
        device_id bigint not null,
        usuario_id bigint not null,
        motivo_chamado varchar(255),
        produto varchar(255),
        status enum ('ABERTO','CONCLUIDO','EM_ATENDIMENTO','EM_ESPERA'),
        primary key (chamado_id)
    ) engine=InnoDB
Hibernate:
    create table chamado (
        balcao_id bigint not null,
        chamado_id bigint not null auto_increment,
        data_chamado datetime(6),
        data_resolucao datetime(6),
        device_id bigint not null,
        usuario_id bigint not null,
        motivo_chamado varchar(255),
        produto varchar(255),
        status enum ('ABERTO','CONCLUIDO','EM_ATENDIMENTO','EM_ESPERA'),
        primary key (chamado_id)
    ) engine=InnoDB
2025-01-02T14:32:43.877-03:00 DEBUG 14591 --- [helpdesk-simulador-api] [    Test worker] org.hibernate.SQL                        :
    create table maquininha (
        device_id bigint not null auto_increment,
        serial_number varchar(10) not null,
        primary key (device_id)
    ) engine=InnoDB
Hibernate:
    create table maquininha (
        device_id bigint not null auto_increment,
        serial_number varchar(10) not null,
        primary key (device_id)
    ) engine=InnoDB
2025-01-02T14:32:43.882-03:00 DEBUG 14591 --- [helpdesk-simulador-api] [    Test worker] org.hibernate.SQL                        :
    create table usuario (
        usuario_id bigint not null auto_increment,
        customer_id varchar(255),
        nome_usuario varchar(255),
        primary key (usuario_id)
    ) engine=InnoDB
Hibernate:
    create table usuario (
        usuario_id bigint not null auto_increment,
        customer_id varchar(255),
        nome_usuario varchar(255),
        primary key (usuario_id)
    ) engine=InnoDB
2025-01-02T14:32:43.887-03:00 DEBUG 14591 --- [helpdesk-simulador-api] [    Test worker] org.hibernate.SQL                        :
    alter table balcao
       add constraint FK8kw1uds9h3phoe9d67n7dufv3
       foreign key (atendente_id)
       references atendente (atendente_id)
Hibernate:
    alter table balcao
       add constraint FK8kw1uds9h3phoe9d67n7dufv3
       foreign key (atendente_id)
       references atendente (atendente_id)
2025-01-02T14:32:43.900-03:00 DEBUG 14591 --- [helpdesk-simulador-api] [    Test worker] org.hibernate.SQL                        :
    alter table chamado
       add constraint FKoyde37wmnhiao4b50yqu0pqmm
       foreign key (balcao_id)
       references balcao (balcao_id)
Hibernate:
    alter table chamado
       add constraint FKoyde37wmnhiao4b50yqu0pqmm
       foreign key (balcao_id)
       references balcao (balcao_id)
2025-01-02T14:32:43.913-03:00 DEBUG 14591 --- [helpdesk-simulador-api] [    Test worker] org.hibernate.SQL                        :
    alter table chamado
       add constraint FKte4qj58oa23sc00qab9r5vpj3
       foreign key (device_id)
       references maquininha (device_id)
Hibernate:
    alter table chamado
       add constraint FKte4qj58oa23sc00qab9r5vpj3
       foreign key (device_id)
       references maquininha (device_id)
2025-01-02T14:32:43.928-03:00 DEBUG 14591 --- [helpdesk-simulador-api] [    Test worker] org.hibernate.SQL                        :
    alter table chamado
       add constraint FK8bc0ospjmkj8qk0lve9pppwyu
       foreign key (usuario_id)
       references usuario (usuario_id)
Hibernate:
    alter table chamado
       add constraint FK8bc0ospjmkj8qk0lve9pppwyu
       foreign key (usuario_id)
       references usuario (usuario_id)
2025-01-02T14:32:43.943-03:00 TRACE 14591 --- [helpdesk-simulador-api] [    Test worker] o.h.type.spi.TypeConfiguration$Scope     : Handling #sessionFactoryCreated from [org.hibernate.internal.SessionFactoryImpl@20724c21] for TypeConfiguration
2025-01-02T14:32:43.944-03:00  INFO 14591 --- [helpdesk-simulador-api] [    Test worker] j.LocalContainerEntityManagerFactoryBean : Initialized JPA EntityManagerFactory for persistence unit 'default'
2025-01-02T14:32:44.136-03:00  WARN 14591 --- [helpdesk-simulador-api] [    Test worker] JpaBaseConfiguration$JpaWebConfiguration : spring.jpa.open-in-view is enabled by default. Therefore, database queries may be performed during view rendering. Explicitly configure spring.jpa.open-in-view to disable this warning
2025-01-02T14:32:44.265-03:00  INFO 14591 --- [helpdesk-simulador-api] [    Test worker] b.c.m.h.HelpdeskSimApiApplicationTests   : Started HelpdeskSimApiApplicationTests in 1.311 seconds (process running for 2.256)
]]></system-out>
  <system-err><![CDATA[]]></system-err>
</testsuite>
