<?xml version="1.0" encoding="UTF-8"?>
<testsuite name="br.com.meli.helpdesksimapi.controller.UsuarioControllerTest" tests="5" skipped="0" failures="0" errors="0" timestamp="2025-01-02T17:32:44" hostname="BR000C2L56N41C4" time="0.019">
  <properties/>
  <testcase name="listarUsuarios()" classname="br.com.meli.helpdesksimapi.controller.UsuarioControllerTest" time="0.016"/>
  <testcase name="deletarUsuario()" classname="br.com.meli.helpdesksimapi.controller.UsuarioControllerTest" time="0.001"/>
  <testcase name="buscarUsuarioPorId()" classname="br.com.meli.helpdesksimapi.controller.UsuarioControllerTest" time="0.0"/>
  <testcase name="alterarUsuario()" classname="br.com.meli.helpdesksimapi.controller.UsuarioControllerTest" time="0.001"/>
  <testcase name="criarUsuario()" classname="br.com.meli.helpdesksimapi.controller.UsuarioControllerTest" time="0.001"/>
  <system-out><![CDATA[]]></system-out>
  <system-err><![CDATA[]]></system-err>
</testsuite>
