<?xml version="1.0" encoding="UTF-8"?>
<testsuite name="br.com.meli.helpdesksimapi.service.ChamadoServiceTest" tests="13" skipped="0" failures="0" errors="0" timestamp="2025-01-02T17:32:42" hostname="BR000C2L56N41C4" time="0.485">
  <properties/>
  <testcase name="testBuscarChamadoPorId()" classname="br.com.meli.helpdesksimapi.service.ChamadoServiceTest" time="0.465"/>
  <testcase name="testBuscarChamadoPorId_NullId()" classname="br.com.meli.helpdesksimapi.service.ChamadoServiceTest" time="0.002"/>
  <testcase name="testListarChamados()" classname="br.com.meli.helpdesksimapi.service.ChamadoServiceTest" time="0.002"/>
  <testcase name="testDeletarChamado_NullId()" classname="br.com.meli.helpdesksimapi.service.ChamadoServiceTest" time="0.002"/>
  <testcase name="testCriarChamado()" classname="br.com.meli.helpdesksimapi.service.ChamadoServiceTest" time="0.002"/>
  <testcase name="testDeletarChamado()" classname="br.com.meli.helpdesksimapi.service.ChamadoServiceTest" time="0.002"/>
  <testcase name="testBuscarChamadoPorIdNotFound()" classname="br.com.meli.helpdesksimapi.service.ChamadoServiceTest" time="0.001"/>
  <testcase name="testDeletarChamadoNotFound()" classname="br.com.meli.helpdesksimapi.service.ChamadoServiceTest" time="0.001"/>
  <testcase name="testAlterarChamado()" classname="br.com.meli.helpdesksimapi.service.ChamadoServiceTest" time="0.001"/>
  <testcase name="testCriarChamadoSerialNumberEmUsoPorOutroUsuario()" classname="br.com.meli.helpdesksimapi.service.ChamadoServiceTest" time="0.001"/>
  <testcase name="testAlterarChamadoNotFound()" classname="br.com.meli.helpdesksimapi.service.ChamadoServiceTest" time="0.001"/>
  <testcase name="testCriarChamadoJaExistenteParaUsuarioAtual()" classname="br.com.meli.helpdesksimapi.service.ChamadoServiceTest" time="0.001"/>
  <testcase name="testCriarChamadoMaquininhaNaoExistente()" classname="br.com.meli.helpdesksimapi.service.ChamadoServiceTest" time="0.001"/>
  <system-out><![CDATA[]]></system-out>
  <system-err><![CDATA[Mockito is currently self-attaching to enable the inline-mock-maker. This will no longer work in future releases of the JDK. Please add Mockito as an agent to your build what is described in Mockito's documentation: https://javadoc.io/doc/org.mockito/mockito-core/latest/org/mockito/Mockito.html#0.3
WARNING: A Java agent has been loaded dynamically (/Users/glmartins/.gradle/caches/modules-2/files-2.1/net.bytebuddy/byte-buddy-agent/1.15.10/e8eb255b2c378b9a6c7341e7b0e12f0a5636377/byte-buddy-agent-1.15.10.jar)
WARNING: If a serviceability tool is in use, please run with -XX:+EnableDynamicAgentLoading to hide this warning
WARNING: If a serviceability tool is not in use, please run with -Djdk.instrument.traceUsage for more information
WARNING: Dynamic loading of agents will be disallowed by default in a future release
]]></system-err>
</testsuite>
