<?xml version="1.0" encoding="UTF-8"?>
<testsuite name="br.com.meli.helpdesksimapi.controller.ChamadoControllerTest" tests="5" skipped="0" failures="0" errors="0" timestamp="2025-01-02T17:32:44" hostname="BR000C2L56N41C4" time="0.02">
  <properties/>
  <testcase name="buscarChamadoPorId()" classname="br.com.meli.helpdesksimapi.controller.ChamadoControllerTest" time="0.017"/>
  <testcase name="listarChamados()" classname="br.com.meli.helpdesksimapi.controller.ChamadoControllerTest" time="0.001"/>
  <testcase name="deletarChamado()" classname="br.com.meli.helpdesksimapi.controller.ChamadoControllerTest" time="0.001"/>
  <testcase name="alterarChamado()" classname="br.com.meli.helpdesksimapi.controller.ChamadoControllerTest" time="0.001"/>
  <testcase name="criarChamado()" classname="br.com.meli.helpdesksimapi.controller.ChamadoControllerTest" time="0.0"/>
  <system-out><![CDATA[]]></system-out>
  <system-err><![CDATA[]]></system-err>
</testsuite>
