<?xml version="1.0" encoding="UTF-8"?>
<testsuite name="br.com.meli.helpdesksimapi.controller.PingControllerTest" tests="1" skipped="0" failures="0" errors="0" timestamp="2025-01-02T17:32:44" hostname="BR000C2L56N41C4" time="0.021">
  <properties/>
  <testcase name="testPing()" classname="br.com.meli.helpdesksimapi.controller.PingControllerTest" time="0.021"/>
  <system-out><![CDATA[2025-01-02T14:32:44.386-03:00  INFO 14591 --- [helpdesk-simulador-api] [    Test worker] t.c.s.AnnotationConfigContextLoaderUtils : Could not detect default configuration classes for test class [br.com.meli.helpdesksimapi.controller.PingControllerTest]: PingControllerTest does not declare any static, non-private, non-final, nested classes annotated with @Configuration.
2025-01-02T14:32:44.394-03:00 DEBUG 14591 --- [helpdesk-simulador-api] [   scheduling-1] org.hibernate.SQL                        :
    select
        c1_0.chamado_id,
        c1_0.balcao_id,
        c1_0.data_chamado,
        c1_0.data_resolucao,
        c1_0.device_id,
        c1_0.motivo_chamado,
        c1_0.produto,
        c1_0.status,
        c1_0.usuario_id
    from
        chamado c1_0
    where
        c1_0.status=?
Hibernate:
    select
        c1_0.chamado_id,
        c1_0.balcao_id,
        c1_0.data_chamado,
        c1_0.data_resolucao,
        c1_0.device_id,
        c1_0.motivo_chamado,
        c1_0.produto,
        c1_0.status,
        c1_0.usuario_id
    from
        chamado c1_0
    where
        c1_0.status=?
2025-01-02T14:32:44.401-03:00  INFO 14591 --- [helpdesk-simulador-api] [    Test worker] .b.t.c.SpringBootTestContextBootstrapper : Found @SpringBootConfiguration br.com.meli.helpdesksimapi.HelpdeskSimApiApplication for test class br.com.meli.helpdesksimapi.controller.PingControllerTest
2025-01-02T14:32:44.409-03:00 DEBUG 14591 --- [helpdesk-simulador-api] [   scheduling-1] org.hibernate.SQL                        :
    select
        c1_0.chamado_id,
        c1_0.balcao_id,
        c1_0.data_chamado,
        c1_0.data_resolucao,
        c1_0.device_id,
        c1_0.motivo_chamado,
        c1_0.produto,
        c1_0.status,
        c1_0.usuario_id
    from
        chamado c1_0
    where
        c1_0.status=?
    order by
        c1_0.data_chamado
Hibernate:
    select
        c1_0.chamado_id,
        c1_0.balcao_id,
        c1_0.data_chamado,
        c1_0.data_resolucao,
        c1_0.device_id,
        c1_0.motivo_chamado,
        c1_0.produto,
        c1_0.status,
        c1_0.usuario_id
    from
        chamado c1_0
    where
        c1_0.status=?
    order by
        c1_0.data_chamado

  .   ____          _            __ _ _
 /\\ / ___'_ __ _ _(_)_ __  __ _ \ \ \ \
( ( )\___ | '_ | '_| | '_ \/ _` | \ \ \ \
 \\/  ___)| |_)| | | | | || (_| |  ) ) ) )
  '  |____| .__|_| |_|_| |_\__, | / / / /
 =========|_|==============|___/=/_/_/_/

 :: Spring Boot ::                (v3.4.0)

2025-01-02T14:32:44.412-03:00 DEBUG 14591 --- [helpdesk-simulador-api] [   scheduling-1] org.hibernate.SQL                        :
    select
        c1_0.chamado_id,
        c1_0.balcao_id,
        c1_0.data_chamado,
        c1_0.data_resolucao,
        c1_0.device_id,
        c1_0.motivo_chamado,
        c1_0.produto,
        c1_0.status,
        c1_0.usuario_id
    from
        chamado c1_0
    where
        c1_0.status=?
    order by
        c1_0.data_chamado
Hibernate:
    select
        c1_0.chamado_id,
        c1_0.balcao_id,
        c1_0.data_chamado,
        c1_0.data_resolucao,
        c1_0.device_id,
        c1_0.motivo_chamado,
        c1_0.produto,
        c1_0.status,
        c1_0.usuario_id
    from
        chamado c1_0
    where
        c1_0.status=?
    order by
        c1_0.data_chamado
2025-01-02T14:32:44.414-03:00  INFO 14591 --- [helpdesk-simulador-api] [    Test worker] b.c.m.h.controller.PingControllerTest    : Starting PingControllerTest using Java 23.0.1 with PID 14591 (started by glmartins in /Users/glmartins/Documents/dev/dev_meli/helpdesk-sim-api)
2025-01-02T14:32:44.414-03:00  INFO 14591 --- [helpdesk-simulador-api] [    Test worker] b.c.m.h.controller.PingControllerTest    : No active profile set, falling back to 1 default profile: "default"
2025-01-02T14:32:44.511-03:00  INFO 14591 --- [helpdesk-simulador-api] [    Test worker] o.s.b.t.m.w.SpringBootMockServletContext : Initializing Spring TestDispatcherServlet ''
2025-01-02T14:32:44.511-03:00  INFO 14591 --- [helpdesk-simulador-api] [    Test worker] o.s.t.web.servlet.TestDispatcherServlet  : Initializing Servlet ''
2025-01-02T14:32:44.512-03:00  INFO 14591 --- [helpdesk-simulador-api] [    Test worker] o.s.t.web.servlet.TestDispatcherServlet  : Completed initialization in 0 ms
2025-01-02T14:32:44.517-03:00  INFO 14591 --- [helpdesk-simulador-api] [    Test worker] b.c.m.h.controller.PingControllerTest    : Started PingControllerTest in 0.115 seconds (process running for 2.508)
]]></system-out>
  <system-err><![CDATA[]]></system-err>
</testsuite>
