<?xml version="1.0" encoding="UTF-8"?>
<testsuite name="br.com.meli.helpdesksimapi.controller.MaquininhaControllerTest" tests="5" skipped="0" failures="0" errors="0" timestamp="2025-01-02T17:32:44" hostname="BR000C2L56N41C4" time="0.026">
  <properties/>
  <testcase name="testDeletarMaquininha()" classname="br.com.meli.helpdesksimapi.controller.MaquininhaControllerTest" time="0.023"/>
  <testcase name="testCriarMaquininha()" classname="br.com.meli.helpdesksimapi.controller.MaquininhaControllerTest" time="0.001"/>
  <testcase name="testAlterarMaquininha()" classname="br.com.meli.helpdesksimapi.controller.MaquininhaControllerTest" time="0.0"/>
  <testcase name="testBuscarMaquininhaPorId()" classname="br.com.meli.helpdesksimapi.controller.MaquininhaControllerTest" time="0.0"/>
  <testcase name="testListarMaquininhas()" classname="br.com.meli.helpdesksimapi.controller.MaquininhaControllerTest" time="0.001"/>
  <system-out><![CDATA[]]></system-out>
  <system-err><![CDATA[]]></system-err>
</testsuite>
